Using pre-set license
Built from '2020.3/staging' branch; Version is '2020.3.9f1 (108be757e447) revision 1084391'; Using compiler version '192528614'; Build Type 'Release'
OS: 'Windows 10 Pro; OS build 19042.1237; Version 2009; 64bit' Language: 'es' Physical Memory: 32694 MB
BatchMode: 1, IsHumanControllingUs: 0, StartBugReporterOnCrash: 0, Is64bit: 1, IsPro: 0

 COMMAND LINE ARGUMENTS:
C:\Program Files\Unity\Hub\Editor\2020.3.9f1\Editor\Unity.exe
-adb2
-batchMode
-noUpm
-name
AssetImportWorker0
-projectPath
D:/Desktop/Trabajos/Unity/Tercer semestre/ClasesJohn
-logFile
Logs/AssetImportWorker0.log
-srvPort
56186
Successfully changed project path to: D:/Desktop/Trabajos/Unity/Tercer semestre/ClasesJohn
D:/Desktop/Trabajos/Unity/Tercer semestre/ClasesJohn
Using Asset Import Pipeline V2.
Refreshing native plugins compatible for Editor in 19.32 ms, found 0 plugins.
Preloading 0 native plugins for Editor in 0.00 ms.
Initialize engine version: 2020.3.9f1 (108be757e447)
[Subsystems] Discovering subsystems at path C:/Program Files/Unity/Hub/Editor/2020.3.9f1/Editor/Data/Resources/UnitySubsystems
[Subsystems] Discovering subsystems at path D:/Desktop/Trabajos/Unity/Tercer semestre/ClasesJohn/Assets
GfxDevice: creating device client; threaded=0
Direct3D:
    Version:  Direct3D 11.0 [level 11.1]
    Renderer: NVIDIA GeForce RTX 3070 (ID=0x2484)
    Vendor:   
    VRAM:     8043 MB
    Driver:   27.21.14.6663
Initialize mono
Mono path[0] = 'C:/Program Files/Unity/Hub/Editor/2020.3.9f1/Editor/Data/Managed'
Mono path[1] = 'C:/Program Files/Unity/Hub/Editor/2020.3.9f1/Editor/Data/MonoBleedingEdge/lib/mono/unityjit'
Mono config path = 'C:/Program Files/Unity/Hub/Editor/2020.3.9f1/Editor/Data/MonoBleedingEdge/etc'
Using monoOptions --debugger-agent=transport=dt_socket,embedding=1,server=y,suspend=n,address=127.0.0.1:56316
Begin MonoManager ReloadAssembly
Registering precompiled unity dll's ...
Register platform support module: C:/Program Files/Unity/Hub/Editor/2020.3.9f1/Editor/Data/PlaybackEngines/WindowsStandaloneSupport/UnityEditor.WindowsStandalone.Extensions.dll
Registered in 0.002057 seconds.
Native extension for WindowsStandalone target not found
Refreshing native plugins compatible for Editor in 20.87 ms, found 0 plugins.
Preloading 0 native plugins for Editor in 0.00 ms.
Mono: successfully reloaded assembly
- Completed reload, in  0.915 seconds
Platform modules already initialized, skipping
Registering precompiled user dll's ...
Registered in 0.000615 seconds.
Begin MonoManager ReloadAssembly
Native extension for WindowsStandalone target not found
Refreshing native plugins compatible for Editor in 0.21 ms, found 0 plugins.
Preloading 0 native plugins for Editor in 0.00 ms.
Mono: successfully reloaded assembly
- Completed reload, in  0.711 seconds
Platform modules already initialized, skipping
========================================================================
Worker process is ready to serve import requests
Launched and connected shader compiler UnityShaderCompiler.exe after 0.10 seconds
Refreshing native plugins compatible for Editor in 0.20 ms, found 0 plugins.
Preloading 0 native plugins for Editor in 0.00 ms.
Unloading 1125 Unused Serialized files (Serialized files now loaded: 0)
System memory in use before: 57.4 MB.
System memory in use after: 57.5 MB.

Unloading 10 unused Assets to reduce memory usage. Loaded Objects now: 1567.
Total: 1.608700 ms (FindLiveObjects: 0.128400 ms CreateObjectMapping: 0.023300 ms MarkObjects: 1.386800 ms  DeleteObjects: 0.069200 ms)

========================================================================
Received Import Request.
  path: Assets/Codigos/Animalbase.cs
  artifactKey: Guid(24d8a05f21991bb4180b4ca942291a19) Importer(815301076,1909f56bfc062723c751e8b465ee728b)
Start importing Assets/Codigos/Animalbase.cs using Guid(24d8a05f21991bb4180b4ca942291a19) Importer(815301076,1909f56bfc062723c751e8b465ee728b)  -> (artifact id: 'b652c6ccd021ac32f9ccf8e4632377e3') in 0.023062 seconds
  Import took 0.034549 seconds .

========================================================================
Received Prepare
Refreshing native plugins compatible for Editor in 0.81 ms, found 0 plugins.
Preloading 0 native plugins for Editor in 0.00 ms.
Unloading 3 Unused Serialized files (Serialized files now loaded: 0)
System memory in use before: 35.0 MB.
System memory in use after: 35.1 MB.

Unloading 3 unused Assets to reduce memory usage. Loaded Objects now: 1567.
Total: 1.427400 ms (FindLiveObjects: 0.124800 ms CreateObjectMapping: 0.023000 ms MarkObjects: 1.234700 ms  DeleteObjects: 0.044000 ms)

========================================================================
Received Prepare
Registering precompiled user dll's ...
Registered in 0.000782 seconds.
Begin MonoManager ReloadAssembly
Native extension for WindowsStandalone target not found
Refreshing native plugins compatible for Editor in 0.23 ms, found 0 plugins.
Preloading 0 native plugins for Editor in 0.00 ms.
Mono: successfully reloaded assembly
- Completed reload, in  0.677 seconds
Platform modules already initialized, skipping
Refreshing native plugins compatible for Editor in 0.23 ms, found 0 plugins.
Preloading 0 native plugins for Editor in 0.00 ms.
Unloading 1120 Unused Serialized files (Serialized files now loaded: 0)
System memory in use before: 57.4 MB.
System memory in use after: 57.5 MB.

Unloading 5 unused Assets to reduce memory usage. Loaded Objects now: 1570.
Total: 1.420800 ms (FindLiveObjects: 0.144700 ms CreateObjectMapping: 0.023700 ms MarkObjects: 1.200300 ms  DeleteObjects: 0.051000 ms)

========================================================================
Received Prepare
Registering precompiled user dll's ...
Registered in 0.000869 seconds.
Begin MonoManager ReloadAssembly
Native extension for WindowsStandalone target not found
Refreshing native plugins compatible for Editor in 0.22 ms, found 0 plugins.
Preloading 0 native plugins for Editor in 0.00 ms.
Mono: successfully reloaded assembly
- Completed reload, in  0.737 seconds
Platform modules already initialized, skipping
Refreshing native plugins compatible for Editor in 0.20 ms, found 0 plugins.
Preloading 0 native plugins for Editor in 0.00 ms.
Unloading 1120 Unused Serialized files (Serialized files now loaded: 0)
System memory in use before: 57.4 MB.
System memory in use after: 57.5 MB.

Unloading 5 unused Assets to reduce memory usage. Loaded Objects now: 1573.
Total: 1.427100 ms (FindLiveObjects: 0.141400 ms CreateObjectMapping: 0.025400 ms MarkObjects: 1.213500 ms  DeleteObjects: 0.045400 ms)

========================================================================
Received Prepare
Registering precompiled user dll's ...
Registered in 0.000697 seconds.
Begin MonoManager ReloadAssembly
Native extension for WindowsStandalone target not found
Refreshing native plugins compatible for Editor in 0.22 ms, found 0 plugins.
Preloading 0 native plugins for Editor in 0.00 ms.
Mono: successfully reloaded assembly
- Completed reload, in  0.662 seconds
Platform modules already initialized, skipping
Refreshing native plugins compatible for Editor in 0.21 ms, found 0 plugins.
Preloading 0 native plugins for Editor in 0.00 ms.
Unloading 1120 Unused Serialized files (Serialized files now loaded: 0)
System memory in use before: 57.4 MB.
System memory in use after: 57.5 MB.

Unloading 5 unused Assets to reduce memory usage. Loaded Objects now: 1576.
Total: 1.478200 ms (FindLiveObjects: 0.142400 ms CreateObjectMapping: 0.026600 ms MarkObjects: 1.260000 ms  DeleteObjects: 0.047700 ms)

========================================================================
Received Import Request.
  Time since last request: 976.721795 seconds.
  path: Assets/Scenes/Vectores
  artifactKey: Guid(3bad52a233ac4c74faaacf4f3a08edec) Importer(815301076,1909f56bfc062723c751e8b465ee728b)
Start importing Assets/Scenes/Vectores using Guid(3bad52a233ac4c74faaacf4f3a08edec) Importer(815301076,1909f56bfc062723c751e8b465ee728b)  -> (artifact id: 'b602bea22a778217b4b5a0cbd7daed5d') in 0.004888 seconds
  Import took 0.009449 seconds .

========================================================================
Received Import Request.
  Time since last request: 10.354079 seconds.
  path: Assets/Scenes/Vectores.unity
  artifactKey: Guid(463c9023a67da6647a7b5a54e5072ab6) Importer(815301076,1909f56bfc062723c751e8b465ee728b)
Start importing Assets/Scenes/Vectores.unity using Guid(463c9023a67da6647a7b5a54e5072ab6) Importer(815301076,1909f56bfc062723c751e8b465ee728b)  -> (artifact id: '2a5bd7fb73e8a757344a4e502af62c49') in 0.012003 seconds
  Import took 0.020233 seconds .

========================================================================
Received Import Request.
  Time since last request: 55.193254 seconds.
  path: Assets/Codigos/PrimerEjemploVector.cs
  artifactKey: Guid(59b39e969780463429a85d3d77002bba) Importer(815301076,1909f56bfc062723c751e8b465ee728b)
Start importing Assets/Codigos/PrimerEjemploVector.cs using Guid(59b39e969780463429a85d3d77002bba) Importer(815301076,1909f56bfc062723c751e8b465ee728b)  -> (artifact id: '7396516f4e0c909c21b7db0b01f56546') in 0.003116 seconds
  Import took 0.008233 seconds .

========================================================================
Received Prepare
Registering precompiled user dll's ...
Registered in 0.000665 seconds.
Begin MonoManager ReloadAssembly
Native extension for WindowsStandalone target not found
Refreshing native plugins compatible for Editor in 0.31 ms, found 0 plugins.
Preloading 0 native plugins for Editor in 0.00 ms.
Mono: successfully reloaded assembly
- Completed reload, in  0.670 seconds
Platform modules already initialized, skipping
Refreshing native plugins compatible for Editor in 0.20 ms, found 0 plugins.
Preloading 0 native plugins for Editor in 0.00 ms.
Unloading 1121 Unused Serialized files (Serialized files now loaded: 0)
System memory in use before: 57.5 MB.
System memory in use after: 57.5 MB.

Unloading 5 unused Assets to reduce memory usage. Loaded Objects now: 1580.
Total: 1.487200 ms (FindLiveObjects: 0.145200 ms CreateObjectMapping: 0.024200 ms MarkObjects: 1.268800 ms  DeleteObjects: 0.048200 ms)

========================================================================
Received Import Request.
  Time since last request: 25.850747 seconds.
  path: Assets/Codigos/PrimerEjemploVector.cs
  artifactKey: Guid(59b39e969780463429a85d3d77002bba) Importer(815301076,1909f56bfc062723c751e8b465ee728b)
Start importing Assets/Codigos/PrimerEjemploVector.cs using Guid(59b39e969780463429a85d3d77002bba) Importer(815301076,1909f56bfc062723c751e8b465ee728b)  -> (artifact id: 'a3c431feab28dacc777b708351aea698') in 0.005138 seconds
  Import took 0.009299 seconds .

========================================================================
Received Import Request.
  Time since last request: 3.811365 seconds.
  path: Assets/Codigos/Segundovecotres.cs
  artifactKey: Guid(f4ded5ae017b38744baf27201dda8fdc) Importer(815301076,1909f56bfc062723c751e8b465ee728b)
Start importing Assets/Codigos/Segundovecotres.cs using Guid(f4ded5ae017b38744baf27201dda8fdc) Importer(815301076,1909f56bfc062723c751e8b465ee728b)  -> (artifact id: '9af709a103dd3ec78aae4337d1db4f9e') in 0.003867 seconds
  Import took 0.008774 seconds .

========================================================================
Received Prepare
Registering precompiled user dll's ...
Registered in 0.000647 seconds.
Begin MonoManager ReloadAssembly
Native extension for WindowsStandalone target not found
Refreshing native plugins compatible for Editor in 0.31 ms, found 0 plugins.
Preloading 0 native plugins for Editor in 0.00 ms.
Mono: successfully reloaded assembly
- Completed reload, in  0.707 seconds
Platform modules already initialized, skipping
Refreshing native plugins compatible for Editor in 0.23 ms, found 0 plugins.
Preloading 0 native plugins for Editor in 0.00 ms.
Unloading 1122 Unused Serialized files (Serialized files now loaded: 0)
System memory in use before: 57.5 MB.
System memory in use after: 57.6 MB.

Unloading 5 unused Assets to reduce memory usage. Loaded Objects now: 1584.
Total: 1.472900 ms (FindLiveObjects: 0.128400 ms CreateObjectMapping: 0.025400 ms MarkObjects: 1.273600 ms  DeleteObjects: 0.044600 ms)

========================================================================
Received Prepare
Registering precompiled user dll's ...
Registered in 0.000674 seconds.
Begin MonoManager ReloadAssembly
Native extension for WindowsStandalone target not found
Refreshing native plugins compatible for Editor in 0.22 ms, found 0 plugins.
Preloading 0 native plugins for Editor in 0.00 ms.
Mono: successfully reloaded assembly
- Completed reload, in  0.691 seconds
Platform modules already initialized, skipping
Refreshing native plugins compatible for Editor in 0.20 ms, found 0 plugins.
Preloading 0 native plugins for Editor in 0.00 ms.
Unloading 1122 Unused Serialized files (Serialized files now loaded: 0)
System memory in use before: 57.5 MB.
System memory in use after: 57.6 MB.

Unloading 5 unused Assets to reduce memory usage. Loaded Objects now: 1587.
Total: 1.399800 ms (FindLiveObjects: 0.123300 ms CreateObjectMapping: 0.024800 ms MarkObjects: 1.206300 ms  DeleteObjects: 0.044100 ms)

========================================================================
Received Import Request.
  Time since last request: 21.428961 seconds.
  path: Assets/Codigos/Segundovecotres.cs
  artifactKey: Guid(f4ded5ae017b38744baf27201dda8fdc) Importer(815301076,1909f56bfc062723c751e8b465ee728b)
Start importing Assets/Codigos/Segundovecotres.cs using Guid(f4ded5ae017b38744baf27201dda8fdc) Importer(815301076,1909f56bfc062723c751e8b465ee728b)  -> (artifact id: 'a303591a51b38832fd1b4743fb22eba3') in 0.004623 seconds
  Import took 0.008536 seconds .

========================================================================
Received Import Request.
  Time since last request: 3.314871 seconds.
  path: Assets/Codigos/TecerVector.cs
  artifactKey: Guid(c09b18d4309aef14abf0d63d6a24a1dc) Importer(815301076,1909f56bfc062723c751e8b465ee728b)
Start importing Assets/Codigos/TecerVector.cs using Guid(c09b18d4309aef14abf0d63d6a24a1dc) Importer(815301076,1909f56bfc062723c751e8b465ee728b)  -> (artifact id: 'bd66b043424f1287ae4ec24c545915a5') in 0.003496 seconds
  Import took 0.008437 seconds .

========================================================================
Received Prepare
Registering precompiled user dll's ...
Registered in 0.000719 seconds.
Begin MonoManager ReloadAssembly
Native extension for WindowsStandalone target not found
Refreshing native plugins compatible for Editor in 0.34 ms, found 0 plugins.
Preloading 0 native plugins for Editor in 0.00 ms.
Mono: successfully reloaded assembly
- Completed reload, in  0.728 seconds
Platform modules already initialized, skipping
Refreshing native plugins compatible for Editor in 0.21 ms, found 0 plugins.
Preloading 0 native plugins for Editor in 0.00 ms.
Unloading 1123 Unused Serialized files (Serialized files now loaded: 0)
System memory in use before: 57.5 MB.
System memory in use after: 57.6 MB.

Unloading 5 unused Assets to reduce memory usage. Loaded Objects now: 1591.
Total: 1.777200 ms (FindLiveObjects: 0.138000 ms CreateObjectMapping: 0.023700 ms MarkObjects: 1.557700 ms  DeleteObjects: 0.056800 ms)

========================================================================
Received Prepare
Registering precompiled user dll's ...
Registered in 0.000714 seconds.
Begin MonoManager ReloadAssembly
Native extension for WindowsStandalone target not found
Refreshing native plugins compatible for Editor in 0.20 ms, found 0 plugins.
Preloading 0 native plugins for Editor in 0.00 ms.
Mono: successfully reloaded assembly
- Completed reload, in  0.669 seconds
Platform modules already initialized, skipping
Refreshing native plugins compatible for Editor in 0.33 ms, found 0 plugins.
Preloading 0 native plugins for Editor in 0.00 ms.
Unloading 1123 Unused Serialized files (Serialized files now loaded: 0)
System memory in use before: 57.5 MB.
System memory in use after: 57.6 MB.

Unloading 5 unused Assets to reduce memory usage. Loaded Objects now: 1594.
Total: 1.458300 ms (FindLiveObjects: 0.140400 ms CreateObjectMapping: 0.023600 ms MarkObjects: 1.247600 ms  DeleteObjects: 0.046000 ms)

========================================================================
Received Import Request.
  Time since last request: 16.585289 seconds.
  path: Assets/Codigos/TecerVector.cs
  artifactKey: Guid(c09b18d4309aef14abf0d63d6a24a1dc) Importer(815301076,1909f56bfc062723c751e8b465ee728b)
Start importing Assets/Codigos/TecerVector.cs using Guid(c09b18d4309aef14abf0d63d6a24a1dc) Importer(815301076,1909f56bfc062723c751e8b465ee728b)  -> (artifact id: '563038a6c28d7ce1b569491e4892d771') in 0.004350 seconds
  Import took 0.018032 seconds .

========================================================================
Received Prepare
Registering precompiled user dll's ...
Registered in 0.000818 seconds.
Begin MonoManager ReloadAssembly
Native extension for WindowsStandalone target not found
Refreshing native plugins compatible for Editor in 0.21 ms, found 0 plugins.
Preloading 0 native plugins for Editor in 0.00 ms.
Mono: successfully reloaded assembly
- Completed reload, in  0.661 seconds
Platform modules already initialized, skipping
Refreshing native plugins compatible for Editor in 0.20 ms, found 0 plugins.
Preloading 0 native plugins for Editor in 0.00 ms.
Unloading 1123 Unused Serialized files (Serialized files now loaded: 0)
System memory in use before: 57.5 MB.
System memory in use after: 57.6 MB.

Unloading 5 unused Assets to reduce memory usage. Loaded Objects now: 1597.
Total: 1.379100 ms (FindLiveObjects: 0.118600 ms CreateObjectMapping: 0.023800 ms MarkObjects: 1.188600 ms  DeleteObjects: 0.047200 ms)

========================================================================
Received Prepare
Registering precompiled user dll's ...
Registered in 0.000728 seconds.
Begin MonoManager ReloadAssembly
Native extension for WindowsStandalone target not found
Refreshing native plugins compatible for Editor in 0.30 ms, found 0 plugins.
Preloading 0 native plugins for Editor in 0.00 ms.
Mono: successfully reloaded assembly
- Completed reload, in  0.670 seconds
Platform modules already initialized, skipping
Refreshing native plugins compatible for Editor in 0.24 ms, found 0 plugins.
Preloading 0 native plugins for Editor in 0.00 ms.
Unloading 1123 Unused Serialized files (Serialized files now loaded: 0)
System memory in use before: 57.5 MB.
System memory in use after: 57.6 MB.

Unloading 5 unused Assets to reduce memory usage. Loaded Objects now: 1600.
Total: 1.627000 ms (FindLiveObjects: 0.138300 ms CreateObjectMapping: 0.025500 ms MarkObjects: 1.402000 ms  DeleteObjects: 0.060000 ms)

========================================================================
Received Import Request.
  Time since last request: 140.550691 seconds.
  path: Assets/Codigos/PrimerEjemploVector.cs
  artifactKey: Guid(59b39e969780463429a85d3d77002bba) Importer(815301076,1909f56bfc062723c751e8b465ee728b)
Start importing Assets/Codigos/PrimerEjemploVector.cs using Guid(59b39e969780463429a85d3d77002bba) Importer(815301076,1909f56bfc062723c751e8b465ee728b)  -> (artifact id: '4484374e101faa2d244bc9c0daa17472') in 0.004717 seconds
  Import took 0.009095 seconds .

========================================================================
Received Prepare
Registering precompiled user dll's ...
Registered in 0.000858 seconds.
Begin MonoManager ReloadAssembly
Native extension for WindowsStandalone target not found
Refreshing native plugins compatible for Editor in 0.20 ms, found 0 plugins.
Preloading 0 native plugins for Editor in 0.00 ms.
Mono: successfully reloaded assembly
- Completed reload, in  0.686 seconds
Platform modules already initialized, skipping
Refreshing native plugins compatible for Editor in 0.20 ms, found 0 plugins.
Preloading 0 native plugins for Editor in 0.00 ms.
Unloading 1123 Unused Serialized files (Serialized files now loaded: 0)
System memory in use before: 57.5 MB.
System memory in use after: 57.6 MB.

Unloading 5 unused Assets to reduce memory usage. Loaded Objects now: 1603.
Total: 1.402700 ms (FindLiveObjects: 0.125600 ms CreateObjectMapping: 0.026100 ms MarkObjects: 1.205200 ms  DeleteObjects: 0.044900 ms)

========================================================================
Received Prepare
Registering precompiled user dll's ...
Registered in 0.000796 seconds.
Begin MonoManager ReloadAssembly
Native extension for WindowsStandalone target not found
Refreshing native plugins compatible for Editor in 0.22 ms, found 0 plugins.
Preloading 0 native plugins for Editor in 0.00 ms.
Mono: successfully reloaded assembly
- Completed reload, in  0.712 seconds
Platform modules already initialized, skipping
Refreshing native plugins compatible for Editor in 0.25 ms, found 0 plugins.
Preloading 0 native plugins for Editor in 0.00 ms.
Unloading 1123 Unused Serialized files (Serialized files now loaded: 0)
System memory in use before: 57.6 MB.
System memory in use after: 57.6 MB.

Unloading 5 unused Assets to reduce memory usage. Loaded Objects now: 1606.
Total: 1.367100 ms (FindLiveObjects: 0.120300 ms CreateObjectMapping: 0.024900 ms MarkObjects: 1.176300 ms  DeleteObjects: 0.044500 ms)

AssetImportWorkerClient::OnTransportError - code=2 error=End of file
